<?xml version="1.0" encoding="UTF-8"?>
<testsuite xmlns:xsi="http://www.w3.org/2001/XMLSchema-instance" xsi:noNamespaceSchemaLocation="https://maven.apache.org/surefire/maven-surefire-plugin/xsd/surefire-test-report-3.0.xsd" version="3.0" name="com.cricket.scorecard.controller.MatchControllerTest" time="3.336" tests="3" errors="0" skipped="0" failures="0">
  <properties>
[...]
</properties>
  <testcase name="testCreateMatch" classname="com.cricket.scorecard.controller.MatchControllerTest" time="0.312">
    <system-out><![CDATA[06:30:25.762 [main] INFO org.springframework.test.context.support.AnnotationConfigContextLoaderUtils -- Could not detect default configuration classes for test class [com.cricket.scorecard.controller.MatchControllerTest]: MatchControllerTest does not declare any static, non-private, non-final, nested classes annotated with @Configuration.
06:30:25.894 [main] INFO org.springframework.boot.test.context.SpringBootTestContextBootstrapper -- Found @SpringBootConfiguration com.cricket.scorecard.ScorecardApplication for test class com.cricket.scorecard.controller.MatchControllerTest

  .   ____          _            __ _ _
 /\\ / ___'_ __ _ _(_)_ __  __ _ \ \ \ \
( ( )\___ | '_ | '_| | '_ \/ _` | \ \ \ \
 \\/  ___)| |_)| | | | | || (_| |  ) ) ) )
  '  |____| .__|_| |_|_| |_\__, | / / / /
 =========|_|==============|___/=/_/_/_/

 :: Spring Boot ::                (v3.3.2)

2026-08-12T06:30:26.287+05:30  INFO 27308 --- [cricket-scorecard] [           main] c.c.s.controller.MatchControllerTest     : Starting MatchControllerTest using Java 21.0.8 with PID 27308 (started by Lenovo in F:\Development\CricketGameScorecard)
2026-08-12T06:30:26.288+05:30  INFO 27308 --- [cricket-scorecard] [           main] c.c.s.controller.MatchControllerTest     : No active profile set, falling back to 1 default profile: "default"
2026-08-12T06:30:28.071+05:30  INFO 27308 --- [cricket-scorecard] [           main] o.s.b.a.w.s.WelcomePageHandlerMapping    : Adding welcome page: class path resource [static/index.html]
2026-08-12T06:30:28.543+05:30  INFO 27308 --- [cricket-scorecard] [           main] o.s.b.t.m.w.SpringBootMockServletContext : Initializing Spring TestDispatcherServlet ''
2026-08-12T06:30:28.544+05:30  INFO 27308 --- [cricket-scorecard] [           main] o.s.t.web.servlet.TestDispatcherServlet  : Initializing Servlet ''
2026-08-12T06:30:28.547+05:30  INFO 27308 --- [cricket-scorecard] [           main] o.s.t.web.servlet.TestDispatcherServlet  : Completed initialization in 1 ms
2026-08-12T06:30:28.580+05:30  INFO 27308 --- [cricket-scorecard] [           main] c.c.s.controller.MatchControllerTest     : Started MatchControllerTest in 2.617 seconds (process running for 3.569)
]]></system-out>
    <system-err><![CDATA[WARNING: A Java agent has been loaded dynamically (C:\Users\Lenovo\.m2\repository\net\bytebuddy\byte-buddy-agent\1.14.18\byte-buddy-agent-1.14.18.jar)
WARNING: If a serviceability tool is in use, please run with -XX:+EnableDynamicAgentLoading to hide this warning
WARNING: If a serviceability tool is not in use, please run with -Djdk.instrument.traceUsage for more information
WARNING: Dynamic loading of agents will be disallowed by default in a future release
]]></system-err>
  </testcase>
  <testcase name="testGetScorecard" classname="com.cricket.scorecard.controller.MatchControllerTest" time="0.013"/>
  <testcase name="testRecordBall" classname="com.cricket.scorecard.controller.MatchControllerTest" time="0.012"/>
</testsuite>